The 0 round, start training with random seed 555
Epoch: 0/80
train_loss:847.13055  acc1:0.0076  acc5:0.0724  Macro-P:0.0017  Macro-R:0.0119  Macro-F1:0.0009
valid_loss:280.43997  acc1:0.0712  acc5:0.1916  Macro-P:0.0214  Macro-R:0.0247  Macro-F1:0.0135
Validation acc increased (-inf --> 0.071154).  Saving model ...
Epoch: 1/80
train_loss:818.78436  acc1:0.0694  acc5:0.2010  Macro-P:0.0221  Macro-R:0.0223  Macro-F1:0.0115
valid_loss:269.85107  acc1:0.1069  acc5:0.2948  Macro-P:0.0325  Macro-R:0.0392  Macro-F1:0.0295
Validation acc increased (0.071154 --> 0.106868).  Saving model ...
Epoch: 2/80
train_loss:781.26923  acc1:0.1099  acc5:0.3113  Macro-P:0.0446  Macro-R:0.0396  Macro-F1:0.0301
valid_loss:255.65474  acc1:0.1544  acc5:0.3588  Macro-P:0.0646  Macro-R:0.0623  Macro-F1:0.0495
Validation acc increased (0.106868 --> 0.154396).  Saving model ...
Epoch: 3/80
train_loss:729.34277  acc1:0.1671  acc5:0.3971  Macro-P:0.0688  Macro-R:0.0685  Macro-F1:0.0556
valid_loss:239.93518  acc1:0.2126  acc5:0.4141  Macro-P:0.1020  Macro-R:0.0986  Macro-F1:0.0802
Validation acc increased (0.154396 --> 0.212637).  Saving model ...
Epoch: 4/80
train_loss:669.59467  acc1:0.2306  acc5:0.4952  Macro-P:0.1145  Macro-R:0.1140  Macro-F1:0.0976
valid_loss:224.29646  acc1:0.2802  acc5:0.4740  Macro-P:0.1475  Macro-R:0.1457  Macro-F1:0.1197
Validation acc increased (0.212637 --> 0.280220).  Saving model ...
Epoch: 5/80
train_loss:610.51544  acc1:0.3033  acc5:0.5616  Macro-P:0.1592  Macro-R:0.1684  Macro-F1:0.1392
valid_loss:210.73473  acc1:0.3430  acc5:0.5173  Macro-P:0.1987  Macro-R:0.1958  Macro-F1:0.1625
Validation acc increased (0.280220 --> 0.342995).  Saving model ...
Epoch: 6/80
train_loss:552.92749  acc1:0.4047  acc5:0.6150  Macro-P:0.2602  Macro-R:0.2446  Macro-F1:0.2121
valid_loss:197.94424  acc1:0.4082  acc5:0.5712  Macro-P:0.2377  Macro-R:0.2461  Macro-F1:0.2088
Validation acc increased (0.342995 --> 0.408242).  Saving model ...
Epoch: 7/80
train_loss:493.81772  acc1:0.4974  acc5:0.6681  Macro-P:0.2841  Macro-R:0.3221  Macro-F1:0.2818
valid_loss:187.22040  acc1:0.4442  acc5:0.5981  Macro-P:0.2825  Macro-R:0.2709  Macro-F1:0.2375
Validation acc increased (0.408242 --> 0.444231).  Saving model ...
Epoch: 8/80
train_loss:440.98392  acc1:0.5442  acc5:0.6996  Macro-P:0.3263  Macro-R:0.3631  Macro-F1:0.3208
valid_loss:178.37886  acc1:0.4647  acc5:0.6229  Macro-P:0.3040  Macro-R:0.2900  Macro-F1:0.2604
Validation acc increased (0.444231 --> 0.464698).  Saving model ...
Epoch: 9/80
train_loss:396.77866  acc1:0.5715  acc5:0.7396  Macro-P:0.3623  Macro-R:0.3901  Macro-F1:0.3506
valid_loss:171.32631  acc1:0.4885  acc5:0.6427  Macro-P:0.3350  Macro-R:0.3163  Macro-F1:0.2914
Validation acc increased (0.464698 --> 0.488462).  Saving model ...
Epoch: 10/80
train_loss:353.20419  acc1:0.6078  acc5:0.7770  Macro-P:0.4139  Macro-R:0.4299  Macro-F1:0.3961
valid_loss:166.07260  acc1:0.5000  acc5:0.6588  Macro-P:0.3671  Macro-R:0.3422  Macro-F1:0.3205
Validation acc increased (0.488462 --> 0.500000).  Saving model ...
Epoch: 11/80
train_loss:317.48788  acc1:0.6401  acc5:0.8072  Macro-P:0.5040  Macro-R:0.4809  Macro-F1:0.4580
valid_loss:162.55836  acc1:0.5036  acc5:0.6661  Macro-P:0.4069  Macro-R:0.3569  Macro-F1:0.3395
Validation acc increased (0.500000 --> 0.503571).  Saving model ...
Epoch: 12/80
train_loss:284.81845  acc1:0.6654  acc5:0.8342  Macro-P:0.5540  Macro-R:0.5278  Macro-F1:0.5123
valid_loss:160.60776  acc1:0.5155  acc5:0.6804  Macro-P:0.4174  Macro-R:0.3731  Macro-F1:0.3640
Validation acc increased (0.503571 --> 0.515522).  Saving model ...
Epoch: 13/80
train_loss:257.42535  acc1:0.7036  acc5:0.8556  Macro-P:0.6061  Macro-R:0.5666  Macro-F1:0.5563
valid_loss:159.05267  acc1:0.5118  acc5:0.6938  Macro-P:0.4122  Macro-R:0.3797  Macro-F1:0.3655
EarlyStopping counter: 1 out of 10
Epoch: 14/80
train_loss:233.71432  acc1:0.7127  acc5:0.8760  Macro-P:0.6426  Macro-R:0.6068  Macro-F1:0.5915
valid_loss:157.79958  acc1:0.5251  acc5:0.7124  Macro-P:0.4490  Macro-R:0.4028  Macro-F1:0.3934
Validation acc increased (0.515522 --> 0.525137).  Saving model ...
Epoch: 15/80
train_loss:213.53197  acc1:0.7400  acc5:0.8940  Macro-P:0.6962  Macro-R:0.6473  Macro-F1:0.6364
valid_loss:158.80005  acc1:0.5309  acc5:0.7196  Macro-P:0.4627  Macro-R:0.4154  Macro-F1:0.4086
Validation acc increased (0.525137 --> 0.530907).  Saving model ...
Epoch: 16/80
train_loss:195.75568  acc1:0.7587  acc5:0.9167  Macro-P:0.7506  Macro-R:0.6803  Macro-F1:0.6759
valid_loss:159.50218  acc1:0.5429  acc5:0.7257  Macro-P:0.5079  Macro-R:0.4327  Macro-F1:0.4286
Validation acc increased (0.530907 --> 0.542857).  Saving model ...
Epoch: 17/80
train_loss:177.21776  acc1:0.7757  acc5:0.9247  Macro-P:0.7866  Macro-R:0.7067  Macro-F1:0.7101
valid_loss:160.74310  acc1:0.5489  acc5:0.7284  Macro-P:0.5341  Macro-R:0.4478  Macro-F1:0.4540
Validation acc increased (0.542857 --> 0.548901).  Saving model ...
Epoch: 18/80
train_loss:161.21593  acc1:0.8082  acc5:0.9326  Macro-P:0.8420  Macro-R:0.7537  Macro-F1:0.7649
valid_loss:161.12569  acc1:0.5495  acc5:0.7258  Macro-P:0.5291  Macro-R:0.4513  Macro-F1:0.4560
Validation acc increased (0.548901 --> 0.549451).  Saving model ...
Epoch: 19/80
train_loss:148.27046  acc1:0.8102  acc5:0.9451  Macro-P:0.8410  Macro-R:0.7693  Macro-F1:0.7777
valid_loss:162.97539  acc1:0.5617  acc5:0.7284  Macro-P:0.5471  Macro-R:0.4718  Macro-F1:0.4746
Validation acc increased (0.549451 --> 0.561676).  Saving model ...
Epoch: 20/80
train_loss:134.63838  acc1:0.8388  acc5:0.9539  Macro-P:0.8613  Macro-R:0.8119  Macro-F1:0.8232
valid_loss:166.33501  acc1:0.5606  acc5:0.7227  Macro-P:0.5586  Macro-R:0.4793  Macro-F1:0.4823
EarlyStopping counter: 1 out of 10
Epoch: 21/80
train_loss:125.95431  acc1:0.8414  acc5:0.9563  Macro-P:0.8717  Macro-R:0.8226  Macro-F1:0.8314
valid_loss:169.46404  acc1:0.5654  acc5:0.7225  Macro-P:0.5574  Macro-R:0.4811  Macro-F1:0.4892
Validation acc increased (0.561676 --> 0.565385).  Saving model ...
Epoch: 22/80
train_loss:115.68307  acc1:0.8549  acc5:0.9582  Macro-P:0.8824  Macro-R:0.8372  Macro-F1:0.8506
valid_loss:171.17776  acc1:0.5637  acc5:0.7245  Macro-P:0.5511  Macro-R:0.4825  Macro-F1:0.4863
EarlyStopping counter: 1 out of 10
Epoch: 23/80
train_loss:107.11078  acc1:0.8578  acc5:0.9630  Macro-P:0.8818  Macro-R:0.8433  Macro-F1:0.8533
valid_loss:173.12662  acc1:0.5652  acc5:0.7213  Macro-P:0.5363  Macro-R:0.4807  Macro-F1:0.4797
EarlyStopping counter: 2 out of 10
Epoch: 24/80
train_loss:98.16257  acc1:0.8660  acc5:0.9691  Macro-P:0.8965  Macro-R:0.8556  Macro-F1:0.8648
valid_loss:174.91133  acc1:0.5648  acc5:0.7238  Macro-P:0.5437  Macro-R:0.4858  Macro-F1:0.4896
EarlyStopping counter: 3 out of 10
Epoch: 25/80
train_loss:91.60249  acc1:0.8755  acc5:0.9720  Macro-P:0.9022  Macro-R:0.8732  Macro-F1:0.8802
valid_loss:177.43579  acc1:0.5652  acc5:0.7188  Macro-P:0.5563  Macro-R:0.4894  Macro-F1:0.4944
EarlyStopping counter: 4 out of 10
Epoch: 26/80
train_loss:84.79124  acc1:0.8931  acc5:0.9737  Macro-P:0.9062  Macro-R:0.8871  Macro-F1:0.8930
valid_loss:179.56905  acc1:0.5663  acc5:0.7214  Macro-P:0.5540  Macro-R:0.4912  Macro-F1:0.4972
Validation acc increased (0.565385 --> 0.566346).  Saving model ...
Epoch: 27/80
train_loss:80.55333  acc1:0.8924  acc5:0.9737  Macro-P:0.9165  Macro-R:0.8847  Macro-F1:0.8925
valid_loss:181.45023  acc1:0.5595  acc5:0.7185  Macro-P:0.5571  Macro-R:0.4896  Macro-F1:0.4980
EarlyStopping counter: 1 out of 10
Epoch: 28/80
train_loss:75.02310  acc1:0.8992  acc5:0.9776  Macro-P:0.9176  Macro-R:0.8967  Macro-F1:0.9034
valid_loss:184.22899  acc1:0.5665  acc5:0.7180  Macro-P:0.5524  Macro-R:0.5012  Macro-F1:0.5051
Validation acc increased (0.566346 --> 0.566484).  Saving model ...
Epoch: 29/80
train_loss:68.88225  acc1:0.9031  acc5:0.9829  Macro-P:0.9232  Macro-R:0.9030  Macro-F1:0.9094
valid_loss:188.25533  acc1:0.5701  acc5:0.7157  Macro-P:0.5684  Macro-R:0.5047  Macro-F1:0.5087
Validation acc increased (0.566484 --> 0.570055).  Saving model ...
Epoch: 30/80
train_loss:66.01264  acc1:0.9055  acc5:0.9816  Macro-P:0.9300  Macro-R:0.9040  Macro-F1:0.9121
valid_loss:191.77924  acc1:0.5547  acc5:0.7168  Macro-P:0.5541  Macro-R:0.4907  Macro-F1:0.4962
EarlyStopping counter: 1 out of 10
Epoch: 31/80
train_loss:59.91897  acc1:0.9141  acc5:0.9845  Macro-P:0.9245  Macro-R:0.9131  Macro-F1:0.9151
valid_loss:194.62848  acc1:0.5615  acc5:0.7166  Macro-P:0.5619  Macro-R:0.4909  Macro-F1:0.4973
EarlyStopping counter: 2 out of 10
Epoch: 32/80
train_loss:55.04038  acc1:0.9237  acc5:0.9878  Macro-P:0.9395  Macro-R:0.9201  Macro-F1:0.9264
valid_loss:197.78448  acc1:0.5610  acc5:0.7151  Macro-P:0.5530  Macro-R:0.4868  Macro-F1:0.4964
EarlyStopping counter: 3 out of 10
Epoch: 33/80
train_loss:54.30690  acc1:0.9193  acc5:0.9885  Macro-P:0.9459  Macro-R:0.9172  Macro-F1:0.9268
valid_loss:199.54942  acc1:0.5585  acc5:0.7137  Macro-P:0.5473  Macro-R:0.4871  Macro-F1:0.4997
EarlyStopping counter: 4 out of 10
Epoch: 34/80
train_loss:47.49909  acc1:0.9270  acc5:0.9895  Macro-P:0.9423  Macro-R:0.9269  Macro-F1:0.9322
valid_loss:202.04108  acc1:0.5540  acc5:0.7177  Macro-P:0.5487  Macro-R:0.4898  Macro-F1:0.4974
EarlyStopping counter: 5 out of 10
Epoch: 35/80
train_loss:48.64334  acc1:0.9296  acc5:0.9911  Macro-P:0.9428  Macro-R:0.9318  Macro-F1:0.9340
valid_loss:206.11000  acc1:0.5540  acc5:0.7110  Macro-P:0.5524  Macro-R:0.4824  Macro-F1:0.4892
EarlyStopping counter: 6 out of 10
Epoch: 36/80
train_loss:42.53551  acc1:0.9359  acc5:0.9938  Macro-P:0.9575  Macro-R:0.9340  Macro-F1:0.9421
valid_loss:208.69501  acc1:0.5558  acc5:0.7120  Macro-P:0.5423  Macro-R:0.4811  Macro-F1:0.4897
EarlyStopping counter: 7 out of 10
Epoch: 37/80
train_loss:39.55196  acc1:0.9411  acc5:0.9947  Macro-P:0.9527  Macro-R:0.9388  Macro-F1:0.9440
valid_loss:211.50952  acc1:0.5508  acc5:0.7130  Macro-P:0.5341  Macro-R:0.4804  Macro-F1:0.4862
EarlyStopping counter: 8 out of 10
Epoch: 38/80
train_loss:38.64235  acc1:0.9454  acc5:0.9934  Macro-P:0.9589  Macro-R:0.9424  Macro-F1:0.9481
valid_loss:214.89723  acc1:0.5409  acc5:0.7107  Macro-P:0.5336  Macro-R:0.4768  Macro-F1:0.4859
EarlyStopping counter: 9 out of 10
Epoch: 39/80
train_loss:34.31158  acc1:0.9477  acc5:0.9961  Macro-P:0.9613  Macro-R:0.9491  Macro-F1:0.9530
valid_loss:218.72108  acc1:0.5632  acc5:0.7077  Macro-P:0.5505  Macro-R:0.4937  Macro-F1:0.5019
EarlyStopping counter: 10 out of 10
Early Stop!
test_loss:209.73305  acc1:0.5275  acc5:0.6933  Macro-P:0.5352  Macro-R:0.4941  Macro-F1:0.4883
Total time elapsed: 399.1955s
Fininsh trainning in seed 555

