The 0 round, start training with random seed 555
Epoch: 0/80
valid_loss:80.34072  acc1:0.0455  acc5:0.2398  Macro-P:0.0011  Macro-R:0.0238  Macro-F1:0.0021
Validation acc increased (-inf --> 0.045455).  Saving model ...
Epoch: 1/80
valid_loss:79.50845  acc1:0.0852  acc5:0.2341  Macro-P:0.0043  Macro-R:0.0357  Macro-F1:0.0076
Validation acc increased (0.045455 --> 0.085227).  Saving model ...
Epoch: 2/80
valid_loss:76.90737  acc1:0.0824  acc5:0.2932  Macro-P:0.0610  Macro-R:0.0487  Macro-F1:0.0368
EarlyStopping counter: 1 out of 10
Epoch: 3/80
valid_loss:74.04529  acc1:0.1420  acc5:0.3523  Macro-P:0.0456  Macro-R:0.0907  Macro-F1:0.0533
Validation acc increased (0.085227 --> 0.142045).  Saving model ...
Epoch: 4/80
valid_loss:71.43224  acc1:0.1625  acc5:0.4210  Macro-P:0.0401  Macro-R:0.0928  Macro-F1:0.0523
Validation acc increased (0.142045 --> 0.162500).  Saving model ...
Epoch: 5/80
valid_loss:68.92062  acc1:0.2091  acc5:0.4710  Macro-P:0.0769  Macro-R:0.1324  Macro-F1:0.0898
Validation acc increased (0.162500 --> 0.209091).  Saving model ...
Epoch: 6/80
valid_loss:68.27101  acc1:0.1909  acc5:0.4648  Macro-P:0.1005  Macro-R:0.1461  Macro-F1:0.0883
EarlyStopping counter: 1 out of 10
Epoch: 7/80
valid_loss:68.07578  acc1:0.1994  acc5:0.4966  Macro-P:0.1064  Macro-R:0.1506  Macro-F1:0.1015
EarlyStopping counter: 2 out of 10
Epoch: 8/80
valid_loss:67.97725  acc1:0.1989  acc5:0.4705  Macro-P:0.1109  Macro-R:0.1586  Macro-F1:0.1159
EarlyStopping counter: 3 out of 10
Epoch: 9/80
valid_loss:67.62549  acc1:0.1994  acc5:0.4813  Macro-P:0.1023  Macro-R:0.1470  Macro-F1:0.1075
EarlyStopping counter: 4 out of 10
Epoch: 10/80
valid_loss:67.51453  acc1:0.2045  acc5:0.5028  Macro-P:0.1421  Macro-R:0.1670  Macro-F1:0.1304
EarlyStopping counter: 5 out of 10
Epoch: 11/80
valid_loss:65.82521  acc1:0.2159  acc5:0.5261  Macro-P:0.1764  Macro-R:0.1886  Macro-F1:0.1587
Validation acc increased (0.209091 --> 0.215909).  Saving model ...
Epoch: 12/80
valid_loss:65.64173  acc1:0.2506  acc5:0.5261  Macro-P:0.1599  Macro-R:0.1981  Macro-F1:0.1529
Validation acc increased (0.215909 --> 0.250568).  Saving model ...
Epoch: 13/80
valid_loss:64.93342  acc1:0.2506  acc5:0.5409  Macro-P:0.1714  Macro-R:0.1994  Macro-F1:0.1641
Validation acc increased (0.250568 --> 0.250568).  Saving model ...
Epoch: 14/80
valid_loss:64.41908  acc1:0.2358  acc5:0.5494  Macro-P:0.2491  Macro-R:0.2323  Macro-F1:0.1968
EarlyStopping counter: 1 out of 10
Epoch: 15/80
valid_loss:62.68034  acc1:0.2653  acc5:0.5551  Macro-P:0.2195  Macro-R:0.2300  Macro-F1:0.1976
Validation acc increased (0.250568 --> 0.265341).  Saving model ...
Epoch: 16/80
valid_loss:62.93684  acc1:0.2500  acc5:0.5773  Macro-P:0.2393  Macro-R:0.2157  Macro-F1:0.1933
EarlyStopping counter: 1 out of 10
Epoch: 17/80
valid_loss:63.17382  acc1:0.2443  acc5:0.5511  Macro-P:0.2257  Macro-R:0.2377  Macro-F1:0.2148
EarlyStopping counter: 2 out of 10
Epoch: 18/80
valid_loss:62.29123  acc1:0.2642  acc5:0.5989  Macro-P:0.2437  Macro-R:0.2507  Macro-F1:0.2291
EarlyStopping counter: 3 out of 10
Epoch: 19/80
valid_loss:61.43328  acc1:0.2761  acc5:0.5642  Macro-P:0.2151  Macro-R:0.2484  Macro-F1:0.2138
Validation acc increased (0.265341 --> 0.276136).  Saving model ...
Epoch: 20/80
valid_loss:60.94844  acc1:0.2739  acc5:0.5767  Macro-P:0.2491  Macro-R:0.2604  Macro-F1:0.2288
EarlyStopping counter: 1 out of 10
Epoch: 21/80
valid_loss:61.92090  acc1:0.2903  acc5:0.5665  Macro-P:0.2258  Macro-R:0.2700  Macro-F1:0.2265
Validation acc increased (0.276136 --> 0.290341).  Saving model ...
Epoch: 22/80
valid_loss:61.44505  acc1:0.2761  acc5:0.5841  Macro-P:0.2819  Macro-R:0.2871  Macro-F1:0.2513
EarlyStopping counter: 1 out of 10
Epoch: 23/80
valid_loss:61.25405  acc1:0.2875  acc5:0.5409  Macro-P:0.2568  Macro-R:0.2737  Macro-F1:0.2467
EarlyStopping counter: 2 out of 10
Epoch: 24/80
valid_loss:60.69122  acc1:0.2869  acc5:0.5659  Macro-P:0.2277  Macro-R:0.2641  Macro-F1:0.2323
EarlyStopping counter: 3 out of 10
Epoch: 25/80
valid_loss:59.81920  acc1:0.3080  acc5:0.5761  Macro-P:0.2739  Macro-R:0.2959  Macro-F1:0.2580
Validation acc increased (0.290341 --> 0.307955).  Saving model ...
Epoch: 26/80
valid_loss:59.29699  acc1:0.3040  acc5:0.5920  Macro-P:0.2741  Macro-R:0.3144  Macro-F1:0.2712
EarlyStopping counter: 1 out of 10
Epoch: 27/80
valid_loss:58.40320  acc1:0.3278  acc5:0.5926  Macro-P:0.3100  Macro-R:0.2980  Macro-F1:0.2787
Validation acc increased (0.307955 --> 0.327841).  Saving model ...
Epoch: 28/80
valid_loss:58.67385  acc1:0.3222  acc5:0.6125  Macro-P:0.3164  Macro-R:0.3069  Macro-F1:0.2888
EarlyStopping counter: 1 out of 10
Epoch: 29/80
valid_loss:58.89798  acc1:0.3074  acc5:0.6063  Macro-P:0.2739  Macro-R:0.2971  Macro-F1:0.2673
EarlyStopping counter: 2 out of 10
Epoch: 30/80
valid_loss:58.50957  acc1:0.3358  acc5:0.6091  Macro-P:0.3463  Macro-R:0.3241  Macro-F1:0.3032
Validation acc increased (0.327841 --> 0.335795).  Saving model ...
Epoch: 31/80
valid_loss:58.49084  acc1:0.3273  acc5:0.5983  Macro-P:0.3473  Macro-R:0.3193  Macro-F1:0.3070
EarlyStopping counter: 1 out of 10
Epoch: 32/80
valid_loss:58.80812  acc1:0.3563  acc5:0.5983  Macro-P:0.3598  Macro-R:0.3552  Macro-F1:0.3354
Validation acc increased (0.335795 --> 0.356250).  Saving model ...
Epoch: 33/80
valid_loss:57.75209  acc1:0.3335  acc5:0.6273  Macro-P:0.3192  Macro-R:0.3473  Macro-F1:0.3094
EarlyStopping counter: 1 out of 10
Epoch: 34/80
valid_loss:58.32286  acc1:0.3364  acc5:0.6267  Macro-P:0.3151  Macro-R:0.3319  Macro-F1:0.3012
EarlyStopping counter: 2 out of 10
Epoch: 35/80
valid_loss:57.51313  acc1:0.3591  acc5:0.6472  Macro-P:0.3521  Macro-R:0.3294  Macro-F1:0.3232
Validation acc increased (0.356250 --> 0.359091).  Saving model ...
Epoch: 36/80
valid_loss:58.16899  acc1:0.3398  acc5:0.6392  Macro-P:0.3340  Macro-R:0.3222  Macro-F1:0.3001
EarlyStopping counter: 1 out of 10
Epoch: 37/80
valid_loss:58.40669  acc1:0.3648  acc5:0.6472  Macro-P:0.4139  Macro-R:0.3477  Macro-F1:0.3520
Validation acc increased (0.359091 --> 0.364773).  Saving model ...
Epoch: 38/80
valid_loss:59.65500  acc1:0.3483  acc5:0.6159  Macro-P:0.3496  Macro-R:0.3193  Macro-F1:0.2989
EarlyStopping counter: 1 out of 10
Epoch: 39/80
valid_loss:60.22796  acc1:0.3506  acc5:0.6381  Macro-P:0.3979  Macro-R:0.3551  Macro-F1:0.3459
EarlyStopping counter: 2 out of 10
Epoch: 40/80
valid_loss:60.79855  acc1:0.3619  acc5:0.6352  Macro-P:0.3980  Macro-R:0.3747  Macro-F1:0.3652
EarlyStopping counter: 3 out of 10
Epoch: 41/80
valid_loss:60.77244  acc1:0.3386  acc5:0.6233  Macro-P:0.3579  Macro-R:0.3325  Macro-F1:0.3161
EarlyStopping counter: 4 out of 10
Epoch: 42/80
valid_loss:59.05112  acc1:0.3625  acc5:0.6330  Macro-P:0.3753  Macro-R:0.3375  Macro-F1:0.3286
EarlyStopping counter: 5 out of 10
Epoch: 43/80
valid_loss:61.69824  acc1:0.3665  acc5:0.6312  Macro-P:0.4125  Macro-R:0.3766  Macro-F1:0.3615
Validation acc increased (0.364773 --> 0.366477).  Saving model ...
Epoch: 44/80
valid_loss:58.92266  acc1:0.3852  acc5:0.6472  Macro-P:0.3907  Macro-R:0.3711  Macro-F1:0.3522
Validation acc increased (0.366477 --> 0.385227).  Saving model ...
Epoch: 45/80
valid_loss:60.36610  acc1:0.3580  acc5:0.6205  Macro-P:0.3677  Macro-R:0.3475  Macro-F1:0.3425
EarlyStopping counter: 1 out of 10
Epoch: 46/80
valid_loss:59.30273  acc1:0.3710  acc5:0.6443  Macro-P:0.3832  Macro-R:0.3421  Macro-F1:0.3436
EarlyStopping counter: 2 out of 10
Epoch: 47/80
valid_loss:58.82164  acc1:0.3886  acc5:0.6506  Macro-P:0.3916  Macro-R:0.3629  Macro-F1:0.3616
Validation acc increased (0.385227 --> 0.388636).  Saving model ...
Epoch: 48/80
valid_loss:61.32711  acc1:0.3847  acc5:0.6403  Macro-P:0.4168  Macro-R:0.3649  Macro-F1:0.3655
EarlyStopping counter: 1 out of 10
Epoch: 49/80
valid_loss:62.04048  acc1:0.3767  acc5:0.6324  Macro-P:0.3780  Macro-R:0.3583  Macro-F1:0.3398
EarlyStopping counter: 2 out of 10
Epoch: 50/80
valid_loss:63.29185  acc1:0.3733  acc5:0.6261  Macro-P:0.3766  Macro-R:0.3636  Macro-F1:0.3542
EarlyStopping counter: 3 out of 10
Epoch: 51/80
valid_loss:62.99648  acc1:0.3761  acc5:0.6153  Macro-P:0.4281  Macro-R:0.3738  Macro-F1:0.3715
EarlyStopping counter: 4 out of 10
Epoch: 52/80
valid_loss:63.96278  acc1:0.3466  acc5:0.6239  Macro-P:0.4108  Macro-R:0.3538  Macro-F1:0.3488
EarlyStopping counter: 5 out of 10
Epoch: 53/80
valid_loss:66.08651  acc1:0.3580  acc5:0.6142  Macro-P:0.3693  Macro-R:0.3619  Macro-F1:0.3503
EarlyStopping counter: 6 out of 10
Epoch: 54/80
valid_loss:63.99613  acc1:0.3818  acc5:0.6523  Macro-P:0.4051  Macro-R:0.3880  Macro-F1:0.3672
EarlyStopping counter: 7 out of 10
Epoch: 55/80
valid_loss:63.77219  acc1:0.3761  acc5:0.6330  Macro-P:0.4146  Macro-R:0.3724  Macro-F1:0.3529
EarlyStopping counter: 8 out of 10
Epoch: 56/80
valid_loss:64.15208  acc1:0.3824  acc5:0.6415  Macro-P:0.3908  Macro-R:0.3769  Macro-F1:0.3697
EarlyStopping counter: 9 out of 10
Epoch: 57/80
valid_loss:64.19499  acc1:0.3653  acc5:0.6330  Macro-P:0.3831  Macro-R:0.3614  Macro-F1:0.3533
EarlyStopping counter: 10 out of 10
Early Stop!
test_loss:59.73732  acc1:0.3682  acc5:0.6182  Macro-P:0.3750  Macro-R:0.3484  Macro-F1:0.3420
Total time elapsed: 345.0899s
Fininsh trainning in seed 555

